# JRE version: OpenJDK Runtime Environment (17.0.6) (build 17.0.6+0-b2043.56-10027231)
# Java VM: OpenJDK 64-Bit Server VM (17.0.6+0-b2043.56-10027231, mixed mode, tiered, compressed oops, compressed class ptrs, g1 gc, windows-amd64)
GC Precious Log:
 CPUs: 4 total, 4 available
 Memory: 16250M
 Large Page Support: Disabled
 NUMA Support: Disabled
 Compressed Oops: Enabled (Zero based)
 Heap Region Size: 2M
 Heap Min Capacity: 8M
 Heap Initial Capacity: 254M
 Heap Max Capacity: 4064M
 Pre-touch: Disabled
 Parallel Workers: 4
 Concurrent Workers: 1
 Concurrent Refinement Workers: 4
 Periodic GC: Disabled
Heap:
 garbage-first heap   total 835584K, used 491816K [0x0000000702000000, 0x0000000800000000)
  region size 2048K, 164 young (335872K), 17 survivors (34816K)
 Metaspace       used 75927K, committed 76480K, reserved 1122304K
  class space    used 8385K, committed 8640K, reserved 1048576K
GC Heap History (20 events):
Event: 12.988 GC heap before
{Heap before GC invocations=28 (full 0):
 garbage-first heap   total 184320K, used 123804K [0x0000000702000000, 0x0000000800000000)
  region size 2048K, 13 young (26624K), 2 survivors (4096K)
 Metaspace       used 62188K, committed 62528K, reserved 1105920K
  class space    used 7121K, committed 7296K, reserved 1048576K
}
Event: 13.003 GC heap after
{Heap after GC invocations=29 (full 0):
 garbage-first heap   total 184320K, used 106786K [0x0000000702000000, 0x0000000800000000)
  region size 2048K, 2 young (4096K), 2 survivors (4096K)
 Metaspace       used 62188K, committed 62528K, reserved 1105920K
  class space    used 7121K, committed 7296K, reserved 1048576K
}
Event: 13.104 GC heap before
{Heap before GC invocations=29 (full 0):
 garbage-first heap   total 184320K, used 110882K [0x0000000702000000, 0x0000000800000000)
  region size 2048K, 4 young (8192K), 2 survivors (4096K)
 Metaspace       used 62270K, committed 62592K, reserved 1105920K
  class space    used 7126K, committed 7296K, reserved 1048576K
}
Event: 13.115 GC heap after
{Heap after GC invocations=30 (full 0):
 garbage-first heap   total 184320K, used 108351K [0x0000000702000000, 0x0000000800000000)
  region size 2048K, 1 young (2048K), 1 survivors (2048K)
 Metaspace       used 62270K, committed 62592K, reserved 1105920K
  class space    used 7126K, committed 7296K, reserved 1048576K
}
Event: 13.647 GC heap before
{Heap before GC invocations=30 (full 0):
 garbage-first heap   total 184320K, used 141119K [0x0000000702000000, 0x0000000800000000)
  region size 2048K, 17 young (34816K), 1 survivors (2048K)
 Metaspace       used 62430K, committed 62720K, reserved 1105920K
  class space    used 7136K, committed 7296K, reserved 1048576K
}
Event: 13.657 GC heap after
{Heap after GC invocations=31 (full 0):
 garbage-first heap   total 278528K, used 114484K [0x0000000702000000, 0x0000000800000000)
  region size 2048K, 3 young (6144K), 3 survivors (6144K)
 Metaspace       used 62430K, committed 62720K, reserved 1105920K
  class space    used 7136K, committed 7296K, reserved 1048576K
}
Event: 14.989 GC heap before
{Heap before GC invocations=32 (full 0):
 garbage-first heap   total 278528K, used 198452K [0x0000000702000000, 0x0000000800000000)
  region size 2048K, 44 young (90112K), 3 survivors (6144K)
 Metaspace       used 64210K, committed 64576K, reserved 1105920K
  class space    used 7334K, committed 7488K, reserved 1048576K
}
Event: 15.018 GC heap after
{Heap after GC invocations=33 (full 0):
 garbage-first heap   total 278528K, used 127488K [0x0000000702000000, 0x0000000800000000)
  region size 2048K, 6 young (12288K), 6 survivors (12288K)
 Metaspace       used 64210K, committed 64576K, reserved 1105920K
  class space    used 7334K, committed 7488K, reserved 1048576K
}
Event: 15.042 GC heap before
{Heap before GC invocations=33 (full 0):
 garbage-first heap   total 278528K, used 129536K [0x0000000702000000, 0x0000000800000000)
  region size 2048K, 7 young (14336K), 6 survivors (12288K)
 Metaspace       used 64210K, committed 64576K, reserved 1105920K
  class space    used 7334K, committed 7488K, reserved 1048576K
}
Event: 15.066 GC heap after
{Heap after GC invocations=34 (full 0):
 garbage-first heap   total 278528K, used 128603K [0x0000000702000000, 0x0000000800000000)
  region size 2048K, 1 young (2048K), 1 survivors (2048K)
 Metaspace       used 64210K, committed 64576K, reserved 1105920K
  class space    used 7334K, committed 7488K, reserved 1048576K
}
Event: 15.943 GC heap before
{Heap before GC invocations=34 (full 0):
 garbage-first heap   total 278528K, used 204379K [0x0000000702000000, 0x0000000800000000)
  region size 2048K, 38 young (77824K), 1 survivors (2048K)
 Metaspace       used 65412K, committed 65792K, reserved 1114112K
  class space    used 7460K, committed 7616K, reserved 1048576K
}
Event: 15.964 GC heap after
{Heap after GC invocations=35 (full 0):
 garbage-first heap   total 278528K, used 140939K [0x0000000702000000, 0x0000000800000000)
  region size 2048K, 5 young (10240K), 5 survivors (10240K)
 Metaspace       used 65412K, committed 65792K, reserved 1114112K
  class space    used 7460K, committed 7616K, reserved 1048576K
}
Event: 16.805 GC heap before
{Heap before GC invocations=36 (full 0):
 garbage-first heap   total 278528K, used 210571K [0x0000000702000000, 0x0000000800000000)
  region size 2048K, 39 young (79872K), 5 survivors (10240K)
 Metaspace       used 65548K, committed 65920K, reserved 1114112K
  class space    used 7465K, committed 7616K, reserved 1048576K
}
Event: 16.827 GC heap after
{Heap after GC invocations=37 (full 0):
 garbage-first heap   total 278528K, used 149713K [0x0000000702000000, 0x0000000800000000)
  region size 2048K, 5 young (10240K), 5 survivors (10240K)
 Metaspace       used 65548K, committed 65920K, reserved 1114112K
  class space    used 7465K, committed 7616K, reserved 1048576K
}
Event: 16.834 GC heap before
{Heap before GC invocations=37 (full 0):
 garbage-first heap   total 278528K, used 151761K [0x0000000702000000, 0x0000000800000000)
  region size 2048K, 6 young (12288K), 5 survivors (10240K)
 Metaspace       used 65548K, committed 65920K, reserved 1114112K
  class space    used 7465K, committed 7616K, reserved 1048576K
}
Event: 16.843 GC heap after
{Heap after GC invocations=38 (full 0):
 garbage-first heap   total 278528K, used 149958K [0x0000000702000000, 0x0000000800000000)
  region size 2048K, 1 young (2048K), 1 survivors (2048K)
 Metaspace       used 65548K, committed 65920K, reserved 1114112K
  class space    used 7465K, committed 7616K, reserved 1048576K
}
Event: 17.183 GC heap before
{Heap before GC invocations=38 (full 0):
 garbage-first heap   total 278528K, used 215494K [0x0000000702000000, 0x0000000800000000)
  region size 2048K, 33 young (67584K), 1 survivors (2048K)
 Metaspace       used 65590K, committed 65920K, reserved 1114112K
  class space    used 7465K, committed 7616K, reserved 1048576K
}
Event: 17.192 GC heap after
{Heap after GC invocations=39 (full 0):
 garbage-first heap   total 835584K, used 150583K [0x0000000702000000, 0x0000000800000000)
  region size 2048K, 1 young (2048K), 1 survivors (2048K)
 Metaspace       used 65590K, committed 65920K, reserved 1114112K
  class space    used 7465K, committed 7616K, reserved 1048576K
}
Event: 30.590 GC heap before
{Heap before GC invocations=39 (full 0):
 garbage-first heap   total 835584K, used 617527K [0x0000000702000000, 0x0000000800000000)
  region size 2048K, 229 young (468992K), 1 survivors (2048K)
 Metaspace       used 74341K, committed 74752K, reserved 1122304K
  class space    used 8257K, committed 8448K, reserved 1048576K
}
Event: 30.645 GC heap after
{Heap after GC invocations=40 (full 0):
 garbage-first heap   total 835584K, used 182568K [0x0000000702000000, 0x0000000800000000)
  region size 2048K, 17 young (34816K), 17 survivors (34816K)
 Metaspace       used 74341K, committed 74752K, reserved 1122304K
  class space    used 8257K, committed 8448K, reserved 1048576K
}

